level=INFO ts=2020-02-20T03:22:55.567362277Z app=Lab3Exercise source=sdk.go:357 msg="Logger successfully initialized"
level=INFO ts=2020-02-20T03:22:55.575438045Z app=Lab3Exercise source=sdk.go:454 version=0.0.0 msg="Skipping core service version compatibility check for SDK Beta version or running in debugger"
level=INFO ts=2020-02-20T03:22:55.579847881Z app=Lab3Exercise source=sdk.go:382 msg="Clients initialized"
level=INFO ts=2020-02-20T03:22:55.588022702Z app=Lab3Exercise source=server.go:183 msg="Registering standard routes..."
level=INFO ts=2020-02-20T03:22:55.588133406Z app=Lab3Exercise source=telemetry.go:79 msg="Starting CPU Usage Average loop"
level=ERROR ts=2020-02-20T03:22:55.596444183Z app=Lab3Exercise source=main.go:33 msg="SDK SetPipeline failed: No transforms provided to pipeline\n"
level=INFO ts=2020-02-20T03:29:38.359132919Z app=Lab3Exercise source=sdk.go:357 msg="Logger successfully initialized"
level=INFO ts=2020-02-20T03:29:38.384567761Z app=Lab3Exercise source=sdk.go:454 version=0.0.0 msg="Skipping core service version compatibility check for SDK Beta version or running in debugger"
level=INFO ts=2020-02-20T03:29:38.388629207Z app=Lab3Exercise source=sdk.go:382 msg="Clients initialized"
level=INFO ts=2020-02-20T03:29:38.396947222Z app=Lab3Exercise source=server.go:183 msg="Registering standard routes..."
level=INFO ts=2020-02-20T03:29:38.397048446Z app=Lab3Exercise source=telemetry.go:79 msg="Starting CPU Usage Average loop"
level=INFO ts=2020-02-20T03:29:38.405254443Z app=Lab3Exercise source=sdk.go:508 msg="MessageBus trigger selected"
level=INFO ts=2020-02-20T03:29:38.421527433Z app=Lab3Exercise source=messaging.go:46 msg="Initializing Message Bus Trigger. Subscribing to topic: events on port 5563 , Publish Topic: somewhere on port 5564"
level=INFO ts=2020-02-20T03:29:38.430552202Z app=Lab3Exercise source=sdk.go:154 msg="StoreAndForward disabled. Not running retry loop."
level=INFO ts=2020-02-20T03:29:38.438024363Z app=Lab3Exercise source=sdk.go:157 msg="This is lab 3"
level=INFO ts=2020-02-20T03:29:38.44638185Z app=Lab3Exercise source=server.go:232 msg="Starting HTTP Server on port :48095"
level=INFO ts=2020-02-20T03:29:44.932998129Z app=Lab3Exercise source=main.go:62 msg=1839340104197682956
level=INFO ts=2020-02-20T03:29:59.955564722Z app=Lab3Exercise source=main.go:62 msg=-8891975373469615151
level=INFO ts=2020-02-20T03:30:14.986747404Z app=Lab3Exercise source=main.go:62 msg=-1581179849318540539
level=INFO ts=2020-02-20T03:30:30.002963391Z app=Lab3Exercise source=main.go:62 msg=-9062293003863173601
level=INFO ts=2020-02-20T03:30:34.578930394Z app=Lab3Exercise source=sdk.go:170 msg="Terminating: interrupt"
level=INFO ts=2020-02-20T03:30:34.584951576Z app=Lab3Exercise source=telemetry.go:84 msg="Exiting CPU Usage Average loop"
level=INFO ts=2020-02-20T03:43:07.744917516Z app=Lab3Exercise source=sdk.go:357 msg="Logger successfully initialized"
level=INFO ts=2020-02-20T03:43:07.751001544Z app=Lab3Exercise source=sdk.go:454 version=0.0.0 msg="Skipping core service version compatibility check for SDK Beta version or running in debugger"
level=INFO ts=2020-02-20T03:43:07.759072042Z app=Lab3Exercise source=sdk.go:382 msg="Clients initialized"
level=INFO ts=2020-02-20T03:43:07.76744255Z app=Lab3Exercise source=server.go:183 msg="Registering standard routes..."
level=INFO ts=2020-02-20T03:43:07.767545347Z app=Lab3Exercise source=telemetry.go:79 msg="Starting CPU Usage Average loop"
level=INFO ts=2020-02-20T03:43:07.775644519Z app=Lab3Exercise source=sdk.go:508 msg="MessageBus trigger selected"
level=INFO ts=2020-02-20T03:43:07.789740836Z app=Lab3Exercise source=messaging.go:46 msg="Initializing Message Bus Trigger. Subscribing to topic: events on port 5563 , Publish Topic: somewhere on port 5564"
level=INFO ts=2020-02-20T03:43:07.798327059Z app=Lab3Exercise source=sdk.go:154 msg="StoreAndForward disabled. Not running retry loop."
level=INFO ts=2020-02-20T03:43:07.806204389Z app=Lab3Exercise source=sdk.go:157 msg="This is lab 3"
level=INFO ts=2020-02-20T03:43:07.814547418Z app=Lab3Exercise source=server.go:232 msg="Starting HTTP Server on port :48095"
level=ERROR ts=2020-02-20T03:43:16.062657031Z app=Lab3Exercise source=main.go:63 msg="orig value: 7567265745834420847"
level=INFO ts=2020-02-20T03:43:16.06766449Z app=Lab3Exercise source=main.go:64 msg="foobar: 7567265745834420879"
level=ERROR ts=2020-02-20T03:43:31.083418587Z app=Lab3Exercise source=main.go:63 msg="orig value: -7964612491060095926"
level=INFO ts=2020-02-20T03:43:31.089677729Z app=Lab3Exercise source=main.go:64 msg="foobar: -7964612491060095894"
level=ERROR ts=2020-02-20T03:43:46.102159531Z app=Lab3Exercise source=main.go:63 msg="orig value: 3970321142850182003"
level=INFO ts=2020-02-20T03:43:46.107664103Z app=Lab3Exercise source=main.go:64 msg="foobar: 3970321142850182035"
level=ERROR ts=2020-02-20T03:44:01.123330117Z app=Lab3Exercise source=main.go:63 msg="orig value: -8630440904330372632"
level=INFO ts=2020-02-20T03:44:01.146749062Z app=Lab3Exercise source=main.go:64 msg="foobar: -8630440904330372600"
level=ERROR ts=2020-02-20T03:44:16.139708344Z app=Lab3Exercise source=main.go:63 msg="orig value: 4462943142958612474"
level=INFO ts=2020-02-20T03:44:16.145306955Z app=Lab3Exercise source=main.go:64 msg="foobar: 4462943142958612506"
level=ERROR ts=2020-02-20T03:44:31.156837104Z app=Lab3Exercise source=main.go:63 msg="orig value: 7217853106631671937"
level=INFO ts=2020-02-20T03:44:31.163131064Z app=Lab3Exercise source=main.go:64 msg="foobar: 7217853106631671969"
level=ERROR ts=2020-02-20T03:44:46.175868102Z app=Lab3Exercise source=main.go:63 msg="orig value: -3924707439410224989"
level=INFO ts=2020-02-20T03:44:46.179096384Z app=Lab3Exercise source=main.go:64 msg="foobar: -3924707439410224957"
level=ERROR ts=2020-02-20T03:45:01.204936089Z app=Lab3Exercise source=main.go:63 msg="orig value: 4454490460568661376"
level=INFO ts=2020-02-20T03:45:01.20920216Z app=Lab3Exercise source=main.go:64 msg="foobar: 4454490460568661408"
level=ERROR ts=2020-02-20T03:45:16.227229903Z app=Lab3Exercise source=main.go:63 msg="orig value: 1926183122756549346"
level=INFO ts=2020-02-20T03:45:16.233028322Z app=Lab3Exercise source=main.go:64 msg="foobar: 1926183122756549378"
level=ERROR ts=2020-02-20T03:45:31.246587078Z app=Lab3Exercise source=main.go:63 msg="orig value: -9055934555734218165"
level=INFO ts=2020-02-20T03:45:31.252863601Z app=Lab3Exercise source=main.go:64 msg="foobar: -9055934555734218133"
level=INFO ts=2020-02-20T03:45:35.674551598Z app=Lab3Exercise source=sdk.go:170 msg="Terminating: interrupt"
level=INFO ts=2020-02-20T03:45:35.680808012Z app=Lab3Exercise source=telemetry.go:84 msg="Exiting CPU Usage Average loop"
level=INFO ts=2020-02-20T03:53:48.707368749Z app=Lab3Exercise source=sdk.go:357 msg="Logger successfully initialized"
level=INFO ts=2020-02-20T03:53:48.713381265Z app=Lab3Exercise source=sdk.go:454 version=0.0.0 msg="Skipping core service version compatibility check for SDK Beta version or running in debugger"
level=INFO ts=2020-02-20T03:53:48.721567505Z app=Lab3Exercise source=sdk.go:382 msg="Clients initialized"
level=INFO ts=2020-02-20T03:53:48.729763877Z app=Lab3Exercise source=server.go:183 msg="Registering standard routes..."
level=INFO ts=2020-02-20T03:53:48.729854976Z app=Lab3Exercise source=telemetry.go:79 msg="Starting CPU Usage Average loop"
level=INFO ts=2020-02-20T03:53:48.73808297Z app=Lab3Exercise source=sdk.go:508 msg="MessageBus trigger selected"
level=INFO ts=2020-02-20T03:53:48.754421275Z app=Lab3Exercise source=messaging.go:46 msg="Initializing Message Bus Trigger. Subscribing to topic: events on port 5563 , Publish Topic: somewhere on port 5564"
level=INFO ts=2020-02-20T03:53:48.762875108Z app=Lab3Exercise source=sdk.go:154 msg="StoreAndForward disabled. Not running retry loop."
level=INFO ts=2020-02-20T03:53:48.770792011Z app=Lab3Exercise source=sdk.go:157 msg="This is lab 3"
level=INFO ts=2020-02-20T03:53:48.779010335Z app=Lab3Exercise source=server.go:232 msg="Starting HTTP Server on port :48095"
level=ERROR ts=2020-02-20T03:54:01.9411912Z app=Lab3Exercise source=main.go:63 msg="orig value: 12"
level=INFO ts=2020-02-20T03:54:01.946781479Z app=Lab3Exercise source=main.go:64 msg="foobar: 44"
level=ERROR ts=2020-02-20T03:54:16.96107514Z app=Lab3Exercise source=main.go:63 msg="orig value: 36"
level=INFO ts=2020-02-20T03:54:16.967448867Z app=Lab3Exercise source=main.go:64 msg="foobar: 68"
level=ERROR ts=2020-02-20T03:54:31.979325813Z app=Lab3Exercise source=main.go:63 msg="orig value: 93"
level=INFO ts=2020-02-20T03:54:31.98548519Z app=Lab3Exercise source=main.go:64 msg="foobar: 125"
level=ERROR ts=2020-02-20T03:54:47.004961727Z app=Lab3Exercise source=main.go:63 msg="orig value: 46"
level=INFO ts=2020-02-20T03:54:47.009910067Z app=Lab3Exercise source=main.go:64 msg="foobar: 78"
level=INFO ts=2020-02-20T03:54:53.292403994Z app=Lab3Exercise source=sdk.go:170 msg="Terminating: interrupt"
level=INFO ts=2020-02-20T03:54:53.29870868Z app=Lab3Exercise source=telemetry.go:84 msg="Exiting CPU Usage Average loop"
